{"/home/matt/mcp-forge/generator/src/config.ts": {"path":"/home/matt/mcp-forge/generator/src/config.ts","all":true,"statementMap":{},"s":{},"branchMap":{"0":{"type":"branch","line":1,"loc":{"start":{"line":1,"column":839},"end":{"line":41,"column":1}},"locations":[{"start":{"line":1,"column":839},"end":{"line":41,"column":1}}]}},"b":{"0":[1]},"fnMap":{"0":{"name":"(empty-report)","decl":{"start":{"line":1,"column":839},"end":{"line":41,"column":1}},"loc":{"start":{"line":1,"column":839},"end":{"line":41,"column":1}},"line":1}},"f":{"0":1}}
,"/home/matt/mcp-forge/generator/src/openapi.ts": {"path":"/home/matt/mcp-forge/generator/src/openapi.ts","all":false,"statementMap":{"35":{"start":{"line":36,"column":0},"end":{"line":36,"column":39}},"36":{"start":{"line":37,"column":0},"end":{"line":37,"column":10}},"37":{"start":{"line":38,"column":0},"end":{"line":38,"column":34}},"38":{"start":{"line":39,"column":0},"end":{"line":39,"column":40}},"39":{"start":{"line":40,"column":0},"end":{"line":40,"column":24}},"40":{"start":{"line":41,"column":0},"end":{"line":41,"column":26}},"41":{"start":{"line":42,"column":0},"end":{"line":42,"column":19}},"42":{"start":{"line":43,"column":0},"end":{"line":43,"column":1}},"44":{"start":{"line":45,"column":0},"end":{"line":45,"column":72}},"45":{"start":{"line":46,"column":0},"end":{"line":46,"column":31}},"46":{"start":{"line":47,"column":0},"end":{"line":47,"column":33}},"47":{"start":{"line":48,"column":0},"end":{"line":48,"column":24}},"48":{"start":{"line":49,"column":0},"end":{"line":49,"column":19}},"49":{"start":{"line":50,"column":0},"end":{"line":50,"column":18}},"50":{"start":{"line":51,"column":0},"end":{"line":51,"column":22}},"51":{"start":{"line":52,"column":0},"end":{"line":52,"column":19}},"52":{"start":{"line":53,"column":0},"end":{"line":53,"column":23}},"53":{"start":{"line":54,"column":0},"end":{"line":54,"column":12}},"54":{"start":{"line":55,"column":0},"end":{"line":55,"column":22}},"55":{"start":{"line":56,"column":0},"end":{"line":56,"column":3}},"56":{"start":{"line":57,"column":0},"end":{"line":57,"column":1}},"58":{"start":{"line":59,"column":0},"end":{"line":59,"column":61}},"59":{"start":{"line":60,"column":0},"end":{"line":60,"column":35}},"62":{"start":{"line":63,"column":0},"end":{"line":63,"column":40}},"63":{"start":{"line":64,"column":0},"end":{"line":64,"column":57}},"64":{"start":{"line":65,"column":0},"end":{"line":65,"column":17}},"65":{"start":{"line":66,"column":0},"end":{"line":66,"column":30}},"66":{"start":{"line":67,"column":0},"end":{"line":67,"column":30}},"67":{"start":{"line":68,"column":0},"end":{"line":68,"column":43}},"68":{"start":{"line":69,"column":0},"end":{"line":69,"column":46}},"69":{"start":{"line":70,"column":0},"end":{"line":70,"column":33}},"70":{"start":{"line":71,"column":0},"end":{"line":71,"column":33}},"71":{"start":{"line":72,"column":0},"end":{"line":72,"column":29}},"72":{"start":{"line":73,"column":0},"end":{"line":73,"column":29}},"73":{"start":{"line":74,"column":0},"end":{"line":74,"column":33}},"74":{"start":{"line":75,"column":0},"end":{"line":75,"column":7}},"75":{"start":{"line":76,"column":0},"end":{"line":76,"column":3}},"78":{"start":{"line":79,"column":0},"end":{"line":79,"column":65}},"79":{"start":{"line":80,"column":0},"end":{"line":80,"column":37}},"80":{"start":{"line":81,"column":0},"end":{"line":81,"column":61}},"81":{"start":{"line":82,"column":0},"end":{"line":82,"column":78}},"82":{"start":{"line":83,"column":0},"end":{"line":83,"column":19}},"83":{"start":{"line":84,"column":0},"end":{"line":84,"column":30}},"84":{"start":{"line":85,"column":0},"end":{"line":85,"column":56}},"85":{"start":{"line":86,"column":0},"end":{"line":86,"column":48}},"86":{"start":{"line":87,"column":0},"end":{"line":87,"column":37}},"87":{"start":{"line":88,"column":0},"end":{"line":88,"column":61}},"88":{"start":{"line":89,"column":0},"end":{"line":89,"column":61}},"89":{"start":{"line":90,"column":0},"end":{"line":90,"column":9}},"90":{"start":{"line":91,"column":0},"end":{"line":91,"column":5}},"91":{"start":{"line":92,"column":0},"end":{"line":92,"column":3}},"93":{"start":{"line":94,"column":0},"end":{"line":94,"column":16}},"94":{"start":{"line":95,"column":0},"end":{"line":95,"column":1}},"96":{"start":{"line":97,"column":0},"end":{"line":97,"column":67}},"97":{"start":{"line":98,"column":0},"end":{"line":98,"column":33}},"99":{"start":{"line":100,"column":0},"end":{"line":100,"column":67}},"100":{"start":{"line":101,"column":0},"end":{"line":101,"column":57}},"101":{"start":{"line":102,"column":0},"end":{"line":102,"column":85}},"103":{"start":{"line":104,"column":0},"end":{"line":104,"column":18}},"104":{"start":{"line":105,"column":0},"end":{"line":105,"column":25}},"105":{"start":{"line":106,"column":0},"end":{"line":106,"column":63}},"107":{"start":{"line":108,"column":0},"end":{"line":108,"column":18}},"108":{"start":{"line":109,"column":0},"end":{"line":109,"column":30}},"109":{"start":{"line":110,"column":0},"end":{"line":110,"column":87}},"110":{"start":{"line":111,"column":0},"end":{"line":111,"column":34}},"111":{"start":{"line":112,"column":0},"end":{"line":112,"column":24}},"112":{"start":{"line":113,"column":0},"end":{"line":113,"column":17}},"113":{"start":{"line":114,"column":0},"end":{"line":114,"column":24}},"114":{"start":{"line":115,"column":0},"end":{"line":115,"column":41}},"115":{"start":{"line":116,"column":0},"end":{"line":116,"column":23}},"116":{"start":{"line":117,"column":0},"end":{"line":117,"column":9}},"117":{"start":{"line":118,"column":0},"end":{"line":118,"column":5}},"118":{"start":{"line":119,"column":0},"end":{"line":119,"column":3}},"120":{"start":{"line":121,"column":0},"end":{"line":121,"column":15}},"121":{"start":{"line":122,"column":0},"end":{"line":122,"column":1}},"123":{"start":{"line":124,"column":0},"end":{"line":124,"column":65}},"124":{"start":{"line":125,"column":0},"end":{"line":125,"column":17}},"125":{"start":{"line":126,"column":0},"end":{"line":126,"column":40}},"126":{"start":{"line":127,"column":0},"end":{"line":127,"column":8}},"127":{"start":{"line":128,"column":0},"end":{"line":128,"column":70}},"128":{"start":{"line":129,"column":0},"end":{"line":129,"column":34}},"129":{"start":{"line":130,"column":0},"end":{"line":130,"column":8}},"130":{"start":{"line":131,"column":0},"end":{"line":131,"column":7}},"131":{"start":{"line":132,"column":0},"end":{"line":132,"column":4}},"133":{"start":{"line":134,"column":0},"end":{"line":134,"column":26}},"134":{"start":{"line":135,"column":0},"end":{"line":135,"column":89}},"135":{"start":{"line":136,"column":0},"end":{"line":136,"column":3}},"137":{"start":{"line":138,"column":0},"end":{"line":138,"column":33}},"138":{"start":{"line":139,"column":0},"end":{"line":139,"column":1}},"140":{"start":{"line":141,"column":0},"end":{"line":141,"column":39}},"141":{"start":{"line":142,"column":0},"end":{"line":142,"column":15}},"142":{"start":{"line":143,"column":0},"end":{"line":143,"column":24}},"143":{"start":{"line":144,"column":0},"end":{"line":144,"column":17}},"144":{"start":{"line":145,"column":0},"end":{"line":145,"column":37}},"146":{"start":{"line":147,"column":0},"end":{"line":147,"column":40}},"147":{"start":{"line":148,"column":0},"end":{"line":148,"column":32}},"148":{"start":{"line":149,"column":0},"end":{"line":149,"column":54}},"149":{"start":{"line":150,"column":0},"end":{"line":150,"column":38}},"150":{"start":{"line":151,"column":0},"end":{"line":151,"column":28}},"151":{"start":{"line":152,"column":0},"end":{"line":152,"column":45}},"152":{"start":{"line":153,"column":0},"end":{"line":153,"column":24}},"153":{"start":{"line":154,"column":0},"end":{"line":154,"column":5}},"154":{"start":{"line":155,"column":0},"end":{"line":155,"column":3}},"156":{"start":{"line":157,"column":0},"end":{"line":157,"column":33}},"157":{"start":{"line":158,"column":0},"end":{"line":158,"column":41}},"158":{"start":{"line":159,"column":0},"end":{"line":159,"column":41}},"159":{"start":{"line":160,"column":0},"end":{"line":160,"column":46}},"160":{"start":{"line":161,"column":0},"end":{"line":161,"column":5}},"161":{"start":{"line":162,"column":0},"end":{"line":162,"column":1}}},"s":{"35":40,"36":40,"37":40,"38":40,"39":40,"40":40,"41":40,"42":40,"44":14,"45":14,"46":14,"47":11,"48":14,"49":14,"50":3,"51":14,"52":1,"53":14,"54":7,"55":14,"56":14,"58":25,"59":25,"62":25,"63":12,"64":10,"65":10,"66":10,"67":12,"68":12,"69":12,"70":12,"71":12,"72":12,"73":12,"74":12,"75":12,"78":25,"79":25,"80":3,"81":3,"82":4,"83":4,"84":4,"85":4,"86":4,"87":4,"88":4,"89":4,"90":4,"91":3,"93":25,"94":25,"96":1,"97":22,"99":22,"100":20,"101":27,"103":25,"104":25,"105":1,"107":27,"108":27,"109":27,"110":27,"111":27,"112":27,"113":27,"114":27,"115":27,"116":27,"117":27,"118":20,"120":22,"121":22,"123":1,"124":4,"125":4,"126":4,"127":4,"128":4,"129":4,"130":4,"131":4,"133":4,"134":2,"135":2,"137":4,"138":4,"140":1,"141":8,"142":8,"143":8,"144":8,"146":8,"147":23,"148":23,"149":8,"150":23,"151":7,"152":7,"153":7,"154":23,"156":8,"157":22,"158":22,"159":22,"160":8,"161":8},"branchMap":{"0":{"type":"branch","line":36,"loc":{"start":{"line":36,"column":0},"end":{"line":43,"column":1}},"locations":[{"start":{"line":36,"column":0},"end":{"line":43,"column":1}}]},"1":{"type":"branch","line":45,"loc":{"start":{"line":45,"column":0},"end":{"line":57,"column":1}},"locations":[{"start":{"line":45,"column":0},"end":{"line":57,"column":1}}]},"2":{"type":"branch","line":46,"loc":{"start":{"line":46,"column":15},"end":{"line":46,"column":31}},"locations":[{"start":{"line":46,"column":15},"end":{"line":46,"column":31}}]},"3":{"type":"branch","line":46,"loc":{"start":{"line":46,"column":22},"end":{"line":47,"column":26}},"locations":[{"start":{"line":46,"column":22},"end":{"line":47,"column":26}}]},"4":{"type":"branch","line":47,"loc":{"start":{"line":47,"column":19},"end":{"line":47,"column":33}},"locations":[{"start":{"line":47,"column":19},"end":{"line":47,"column":33}}]},"5":{"type":"branch","line":47,"loc":{"start":{"line":47,"column":26},"end":{"line":48,"column":24}},"locations":[{"start":{"line":47,"column":26},"end":{"line":48,"column":24}}]},"6":{"type":"branch","line":49,"loc":{"start":{"line":49,"column":4},"end":{"line":49,"column":19}},"locations":[{"start":{"line":49,"column":4},"end":{"line":49,"column":19}}]},"7":{"type":"branch","line":50,"loc":{"start":{"line":50,"column":4},"end":{"line":51,"column":22}},"locations":[{"start":{"line":50,"column":4},"end":{"line":51,"column":22}}]},"8":{"type":"branch","line":52,"loc":{"start":{"line":52,"column":4},"end":{"line":53,"column":23}},"locations":[{"start":{"line":52,"column":4},"end":{"line":53,"column":23}}]},"9":{"type":"branch","line":54,"loc":{"start":{"line":54,"column":4},"end":{"line":55,"column":22}},"locations":[{"start":{"line":54,"column":4},"end":{"line":55,"column":22}}]},"10":{"type":"branch","line":59,"loc":{"start":{"line":59,"column":0},"end":{"line":95,"column":1}},"locations":[{"start":{"line":59,"column":0},"end":{"line":95,"column":1}}]},"11":{"type":"branch","line":63,"loc":{"start":{"line":63,"column":21},"end":{"line":63,"column":39}},"locations":[{"start":{"line":63,"column":21},"end":{"line":63,"column":39}}]},"12":{"type":"branch","line":63,"loc":{"start":{"line":63,"column":39},"end":{"line":76,"column":3}},"locations":[{"start":{"line":63,"column":39},"end":{"line":76,"column":3}}]},"13":{"type":"branch","line":64,"loc":{"start":{"line":64,"column":17},"end":{"line":64,"column":48}},"locations":[{"start":{"line":64,"column":17},"end":{"line":64,"column":48}}]},"14":{"type":"branch","line":64,"loc":{"start":{"line":64,"column":48},"end":{"line":64,"column":57}},"locations":[{"start":{"line":64,"column":48},"end":{"line":64,"column":57}}]},"15":{"type":"branch","line":64,"loc":{"start":{"line":64,"column":48},"end":{"line":68,"column":36}},"locations":[{"start":{"line":64,"column":48},"end":{"line":68,"column":36}}]},"16":{"type":"branch","line":68,"loc":{"start":{"line":68,"column":21},"end":{"line":68,"column":43}},"locations":[{"start":{"line":68,"column":21},"end":{"line":68,"column":43}}]},"17":{"type":"branch","line":69,"loc":{"start":{"line":69,"column":18},"end":{"line":69,"column":46}},"locations":[{"start":{"line":69,"column":18},"end":{"line":69,"column":46}}]},"18":{"type":"branch","line":70,"loc":{"start":{"line":70,"column":17},"end":{"line":70,"column":33}},"locations":[{"start":{"line":70,"column":17},"end":{"line":70,"column":33}}]},"19":{"type":"branch","line":71,"loc":{"start":{"line":71,"column":20},"end":{"line":71,"column":33}},"locations":[{"start":{"line":71,"column":20},"end":{"line":71,"column":33}}]},"20":{"type":"branch","line":72,"loc":{"start":{"line":72,"column":13},"end":{"line":72,"column":29}},"locations":[{"start":{"line":72,"column":13},"end":{"line":72,"column":29}}]},"21":{"type":"branch","line":73,"loc":{"start":{"line":73,"column":13},"end":{"line":73,"column":29}},"locations":[{"start":{"line":73,"column":13},"end":{"line":73,"column":29}}]},"22":{"type":"branch","line":74,"loc":{"start":{"line":74,"column":17},"end":{"line":74,"column":33}},"locations":[{"start":{"line":74,"column":17},"end":{"line":74,"column":33}}]},"23":{"type":"branch","line":79,"loc":{"start":{"line":79,"column":22},"end":{"line":79,"column":65}},"locations":[{"start":{"line":79,"column":22},"end":{"line":79,"column":65}}]},"24":{"type":"branch","line":80,"loc":{"start":{"line":80,"column":6},"end":{"line":80,"column":36}},"locations":[{"start":{"line":80,"column":6},"end":{"line":80,"column":36}}]},"25":{"type":"branch","line":80,"loc":{"start":{"line":80,"column":36},"end":{"line":92,"column":3}},"locations":[{"start":{"line":80,"column":36},"end":{"line":92,"column":3}}]},"26":{"type":"branch","line":81,"loc":{"start":{"line":81,"column":45},"end":{"line":81,"column":59}},"locations":[{"start":{"line":81,"column":45},"end":{"line":81,"column":59}}]},"27":{"type":"branch","line":82,"loc":{"start":{"line":82,"column":77},"end":{"line":91,"column":5}},"locations":[{"start":{"line":82,"column":77},"end":{"line":91,"column":5}}]},"28":{"type":"branch","line":86,"loc":{"start":{"line":86,"column":28},"end":{"line":86,"column":48}},"locations":[{"start":{"line":86,"column":28},"end":{"line":86,"column":48}}]},"29":{"type":"branch","line":97,"loc":{"start":{"line":97,"column":7},"end":{"line":122,"column":1}},"locations":[{"start":{"line":97,"column":7},"end":{"line":122,"column":1}}]},"30":{"type":"branch","line":100,"loc":{"start":{"line":100,"column":52},"end":{"line":100,"column":63}},"locations":[{"start":{"line":100,"column":52},"end":{"line":100,"column":63}}]},"31":{"type":"branch","line":100,"loc":{"start":{"line":100,"column":66},"end":{"line":119,"column":3}},"locations":[{"start":{"line":100,"column":66},"end":{"line":119,"column":3}}]},"32":{"type":"branch","line":101,"loc":{"start":{"line":101,"column":56},"end":{"line":118,"column":5}},"locations":[{"start":{"line":101,"column":56},"end":{"line":118,"column":5}}]},"33":{"type":"branch","line":102,"loc":{"start":{"line":102,"column":76},"end":{"line":102,"column":85}},"locations":[{"start":{"line":102,"column":76},"end":{"line":102,"column":85}}]},"34":{"type":"branch","line":102,"loc":{"start":{"line":102,"column":76},"end":{"line":105,"column":25}},"locations":[{"start":{"line":102,"column":76},"end":{"line":105,"column":25}}]},"35":{"type":"branch","line":105,"loc":{"start":{"line":105,"column":11},"end":{"line":106,"column":63}},"locations":[{"start":{"line":105,"column":11},"end":{"line":106,"column":63}}]},"36":{"type":"branch","line":110,"loc":{"start":{"line":110,"column":24},"end":{"line":110,"column":53}},"locations":[{"start":{"line":110,"column":24},"end":{"line":110,"column":53}}]},"37":{"type":"branch","line":110,"loc":{"start":{"line":110,"column":38},"end":{"line":110,"column":87}},"locations":[{"start":{"line":110,"column":38},"end":{"line":110,"column":87}}]},"38":{"type":"branch","line":124,"loc":{"start":{"line":124,"column":7},"end":{"line":139,"column":1}},"locations":[{"start":{"line":124,"column":7},"end":{"line":139,"column":1}}]},"39":{"type":"branch","line":134,"loc":{"start":{"line":134,"column":25},"end":{"line":136,"column":3}},"locations":[{"start":{"line":134,"column":25},"end":{"line":136,"column":3}}]},"40":{"type":"branch","line":135,"loc":{"start":{"line":135,"column":20},"end":{"line":135,"column":39}},"locations":[{"start":{"line":135,"column":20},"end":{"line":135,"column":39}}]},"41":{"type":"branch","line":135,"loc":{"start":{"line":135,"column":46},"end":{"line":135,"column":67}},"locations":[{"start":{"line":135,"column":46},"end":{"line":135,"column":67}}]},"42":{"type":"branch","line":141,"loc":{"start":{"line":141,"column":7},"end":{"line":162,"column":1}},"locations":[{"start":{"line":141,"column":7},"end":{"line":162,"column":1}}]},"43":{"type":"branch","line":147,"loc":{"start":{"line":147,"column":39},"end":{"line":155,"column":3}},"locations":[{"start":{"line":147,"column":39},"end":{"line":155,"column":3}}]},"44":{"type":"branch","line":149,"loc":{"start":{"line":149,"column":9},"end":{"line":149,"column":45}},"locations":[{"start":{"line":149,"column":9},"end":{"line":149,"column":45}}]},"45":{"type":"branch","line":149,"loc":{"start":{"line":149,"column":45},"end":{"line":149,"column":54}},"locations":[{"start":{"line":149,"column":45},"end":{"line":149,"column":54}}]},"46":{"type":"branch","line":149,"loc":{"start":{"line":149,"column":45},"end":{"line":151,"column":27}},"locations":[{"start":{"line":149,"column":45},"end":{"line":151,"column":27}}]},"47":{"type":"branch","line":151,"loc":{"start":{"line":151,"column":27},"end":{"line":154,"column":5}},"locations":[{"start":{"line":151,"column":27},"end":{"line":154,"column":5}}]},"48":{"type":"branch","line":157,"loc":{"start":{"line":157,"column":25},"end":{"line":161,"column":3}},"locations":[{"start":{"line":157,"column":25},"end":{"line":161,"column":3}}]},"49":{"type":"branch","line":158,"loc":{"start":{"line":158,"column":21},"end":{"line":158,"column":41}},"locations":[{"start":{"line":158,"column":21},"end":{"line":158,"column":41}}]},"50":{"type":"branch","line":159,"loc":{"start":{"line":159,"column":19},"end":{"line":159,"column":41}},"locations":[{"start":{"line":159,"column":19},"end":{"line":159,"column":41}}]}},"b":{"0":[40],"1":[14],"2":[1],"3":[13],"4":[2],"5":[11],"6":[3],"7":[3],"8":[1],"9":[7],"10":[25],"11":[16],"12":[12],"13":[11],"14":[2],"15":[10],"16":[9],"17":[8],"18":[9],"19":[9],"20":[9],"21":[9],"22":[9],"23":[3],"24":[3],"25":[3],"26":[1],"27":[4],"28":[2],"29":[22],"30":[1],"31":[20],"32":[27],"33":[2],"34":[25],"35":[1],"36":[23],"37":[22],"38":[4],"39":[2],"40":[1],"41":[1],"42":[8],"43":[23],"44":[10],"45":[15],"46":[8],"47":[7],"48":[22],"49":[1],"50":[1]},"fnMap":{"0":{"name":"snakeCase","decl":{"start":{"line":36,"column":0},"end":{"line":43,"column":1}},"loc":{"start":{"line":36,"column":0},"end":{"line":43,"column":1}},"line":36},"1":{"name":"mapType","decl":{"start":{"line":45,"column":0},"end":{"line":57,"column":1}},"loc":{"start":{"line":45,"column":0},"end":{"line":57,"column":1}},"line":45},"2":{"name":"extractParams","decl":{"start":{"line":59,"column":0},"end":{"line":95,"column":1}},"loc":{"start":{"line":59,"column":0},"end":{"line":95,"column":1}},"line":59},"3":{"name":"parseOpenApiSpec","decl":{"start":{"line":97,"column":7},"end":{"line":122,"column":1}},"loc":{"start":{"line":97,"column":7},"end":{"line":122,"column":1}},"line":97},"4":{"name":"formatEndpointList","decl":{"start":{"line":124,"column":7},"end":{"line":139,"column":1}},"loc":{"start":{"line":124,"column":7},"end":{"line":139,"column":1}},"line":124},"5":{"name":"parseEndpointSelection","decl":{"start":{"line":141,"column":7},"end":{"line":162,"column":1}},"loc":{"start":{"line":141,"column":7},"end":{"line":162,"column":1}},"line":141}},"f":{"0":40,"1":14,"2":25,"3":22,"4":4,"5":8}}
,"/home/matt/mcp-forge/generator/src/writer.ts": {"path":"/home/matt/mcp-forge/generator/src/writer.ts","all":false,"statementMap":{"0":{"start":{"line":1,"column":0},"end":{"line":1,"column":51}},"1":{"start":{"line":2,"column":0},"end":{"line":2,"column":42}},"4":{"start":{"line":5,"column":0},"end":{"line":5,"column":42}},"6":{"start":{"line":7,"column":0},"end":{"line":7,"column":39}},"7":{"start":{"line":8,"column":0},"end":{"line":8,"column":30}},"8":{"start":{"line":9,"column":0},"end":{"line":9,"column":1}},"10":{"start":{"line":11,"column":0},"end":{"line":11,"column":53}},"11":{"start":{"line":12,"column":0},"end":{"line":12,"column":48}},"12":{"start":{"line":13,"column":0},"end":{"line":13,"column":40}},"13":{"start":{"line":14,"column":0},"end":{"line":14,"column":44}},"14":{"start":{"line":15,"column":0},"end":{"line":15,"column":1}},"16":{"start":{"line":17,"column":0},"end":{"line":17,"column":76}},"17":{"start":{"line":18,"column":0},"end":{"line":18,"column":29}},"18":{"start":{"line":19,"column":0},"end":{"line":19,"column":49}},"19":{"start":{"line":20,"column":0},"end":{"line":20,"column":38}},"20":{"start":{"line":21,"column":0},"end":{"line":21,"column":25}},"21":{"start":{"line":22,"column":0},"end":{"line":22,"column":20}},"22":{"start":{"line":23,"column":0},"end":{"line":23,"column":4}},"24":{"start":{"line":25,"column":0},"end":{"line":25,"column":45}},"25":{"start":{"line":26,"column":0},"end":{"line":26,"column":41}},"26":{"start":{"line":27,"column":0},"end":{"line":27,"column":35}},"27":{"start":{"line":28,"column":0},"end":{"line":28,"column":44}},"29":{"start":{"line":30,"column":0},"end":{"line":30,"column":45}},"30":{"start":{"line":31,"column":0},"end":{"line":31,"column":55}},"31":{"start":{"line":32,"column":0},"end":{"line":32,"column":51}},"33":{"start":{"line":34,"column":0},"end":{"line":34,"column":36}},"34":{"start":{"line":35,"column":0},"end":{"line":35,"column":39}},"35":{"start":{"line":36,"column":0},"end":{"line":36,"column":53}},"36":{"start":{"line":37,"column":0},"end":{"line":37,"column":68}},"37":{"start":{"line":38,"column":0},"end":{"line":38,"column":3}},"39":{"start":{"line":40,"column":0},"end":{"line":40,"column":45}},"41":{"start":{"line":42,"column":0},"end":{"line":42,"column":30}},"42":{"start":{"line":43,"column":0},"end":{"line":43,"column":44}},"43":{"start":{"line":44,"column":0},"end":{"line":44,"column":55}},"44":{"start":{"line":45,"column":0},"end":{"line":45,"column":3}},"46":{"start":{"line":47,"column":0},"end":{"line":47,"column":31}},"47":{"start":{"line":48,"column":0},"end":{"line":48,"column":67}},"48":{"start":{"line":49,"column":0},"end":{"line":49,"column":3}},"50":{"start":{"line":51,"column":0},"end":{"line":51,"column":37}},"52":{"start":{"line":53,"column":0},"end":{"line":53,"column":15}},"53":{"start":{"line":54,"column":0},"end":{"line":54,"column":1}}},"s":{"0":1,"1":1,"4":1,"6":18,"7":18,"8":18,"10":204,"11":204,"12":204,"13":204,"14":204,"16":1,"17":18,"18":18,"19":204,"20":204,"21":204,"22":204,"24":18,"25":18,"26":18,"27":18,"29":18,"30":18,"31":18,"33":18,"34":18,"35":18,"36":18,"37":18,"39":18,"41":18,"42":2,"43":2,"44":2,"46":18,"47":2,"48":2,"50":18,"52":18,"53":18},"branchMap":{"0":{"type":"branch","line":7,"loc":{"start":{"line":7,"column":0},"end":{"line":9,"column":1}},"locations":[{"start":{"line":7,"column":0},"end":{"line":9,"column":1}}]},"1":{"type":"branch","line":11,"loc":{"start":{"line":11,"column":0},"end":{"line":15,"column":1}},"locations":[{"start":{"line":11,"column":0},"end":{"line":15,"column":1}}]},"2":{"type":"branch","line":17,"loc":{"start":{"line":17,"column":7},"end":{"line":54,"column":1}},"locations":[{"start":{"line":17,"column":7},"end":{"line":54,"column":1}}]},"3":{"type":"branch","line":42,"loc":{"start":{"line":42,"column":29},"end":{"line":45,"column":3}},"locations":[{"start":{"line":42,"column":29},"end":{"line":45,"column":3}}]},"4":{"type":"branch","line":47,"loc":{"start":{"line":47,"column":30},"end":{"line":49,"column":3}},"locations":[{"start":{"line":47,"column":30},"end":{"line":49,"column":3}}]},"5":{"type":"branch","line":19,"loc":{"start":{"line":19,"column":14},"end":{"line":23,"column":4}},"locations":[{"start":{"line":19,"column":14},"end":{"line":23,"column":4}}]}},"b":{"0":[18],"1":[204],"2":[18],"3":[2],"4":[2],"5":[204]},"fnMap":{"0":{"name":"kebabCase","decl":{"start":{"line":7,"column":0},"end":{"line":9,"column":1}},"loc":{"start":{"line":7,"column":0},"end":{"line":9,"column":1}},"line":7},"1":{"name":"write","decl":{"start":{"line":11,"column":0},"end":{"line":15,"column":1}},"loc":{"start":{"line":11,"column":0},"end":{"line":15,"column":1}},"line":11},"2":{"name":"generate","decl":{"start":{"line":17,"column":7},"end":{"line":54,"column":1}},"loc":{"start":{"line":17,"column":7},"end":{"line":54,"column":1}},"line":17},"3":{"name":"out","decl":{"start":{"line":19,"column":14},"end":{"line":23,"column":4}},"loc":{"start":{"line":19,"column":14},"end":{"line":23,"column":4}},"line":19}},"f":{"0":18,"1":204,"2":18,"3":204}}
,"/home/matt/mcp-forge/generator/src/templates/helpers.ts": {"path":"/home/matt/mcp-forge/generator/src/templates/helpers.ts","all":false,"statementMap":{"2":{"start":{"line":3,"column":0},"end":{"line":3,"column":47}},"3":{"start":{"line":4,"column":0},"end":{"line":4,"column":10}},"4":{"start":{"line":5,"column":0},"end":{"line":5,"column":18}},"5":{"start":{"line":6,"column":0},"end":{"line":6,"column":55}},"6":{"start":{"line":7,"column":0},"end":{"line":7,"column":14}},"7":{"start":{"line":8,"column":0},"end":{"line":8,"column":1}},"9":{"start":{"line":10,"column":0},"end":{"line":10,"column":46}},"10":{"start":{"line":11,"column":0},"end":{"line":11,"column":30}},"11":{"start":{"line":12,"column":0},"end":{"line":12,"column":1}},"13":{"start":{"line":14,"column":0},"end":{"line":14,"column":48}},"14":{"start":{"line":15,"column":0},"end":{"line":15,"column":19}},"15":{"start":{"line":16,"column":0},"end":{"line":16,"column":19}},"16":{"start":{"line":17,"column":0},"end":{"line":17,"column":16}},"17":{"start":{"line":18,"column":0},"end":{"line":18,"column":67}},"18":{"start":{"line":19,"column":0},"end":{"line":19,"column":12}},"19":{"start":{"line":20,"column":0},"end":{"line":20,"column":18}},"20":{"start":{"line":21,"column":0},"end":{"line":21,"column":22}},"21":{"start":{"line":22,"column":0},"end":{"line":22,"column":12}},"22":{"start":{"line":23,"column":0},"end":{"line":23,"column":19}},"23":{"start":{"line":24,"column":0},"end":{"line":24,"column":23}},"24":{"start":{"line":25,"column":0},"end":{"line":25,"column":12}},"25":{"start":{"line":26,"column":0},"end":{"line":26,"column":12}},"26":{"start":{"line":27,"column":0},"end":{"line":27,"column":22}},"27":{"start":{"line":28,"column":0},"end":{"line":28,"column":3}},"28":{"start":{"line":29,"column":0},"end":{"line":29,"column":75}},"29":{"start":{"line":30,"column":0},"end":{"line":30,"column":14}},"30":{"start":{"line":31,"column":0},"end":{"line":31,"column":1}},"32":{"start":{"line":33,"column":0},"end":{"line":33,"column":49}},"33":{"start":{"line":34,"column":0},"end":{"line":34,"column":16}},"34":{"start":{"line":35,"column":0},"end":{"line":35,"column":19}},"35":{"start":{"line":36,"column":0},"end":{"line":36,"column":16}},"36":{"start":{"line":37,"column":0},"end":{"line":37,"column":78}},"37":{"start":{"line":38,"column":0},"end":{"line":38,"column":12}},"38":{"start":{"line":39,"column":0},"end":{"line":39,"column":18}},"39":{"start":{"line":40,"column":0},"end":{"line":40,"column":23}},"40":{"start":{"line":41,"column":0},"end":{"line":41,"column":53}},"41":{"start":{"line":42,"column":0},"end":{"line":42,"column":53}},"42":{"start":{"line":43,"column":0},"end":{"line":43,"column":12}},"43":{"start":{"line":44,"column":0},"end":{"line":44,"column":19}},"44":{"start":{"line":45,"column":0},"end":{"line":45,"column":24}},"45":{"start":{"line":46,"column":0},"end":{"line":46,"column":12}},"46":{"start":{"line":47,"column":0},"end":{"line":47,"column":12}},"47":{"start":{"line":48,"column":0},"end":{"line":48,"column":23}},"48":{"start":{"line":49,"column":0},"end":{"line":49,"column":51}},"49":{"start":{"line":50,"column":0},"end":{"line":50,"column":12}},"50":{"start":{"line":51,"column":0},"end":{"line":51,"column":3}},"51":{"start":{"line":52,"column":0},"end":{"line":52,"column":38}},"52":{"start":{"line":53,"column":0},"end":{"line":53,"column":77}},"53":{"start":{"line":54,"column":0},"end":{"line":54,"column":39}},"54":{"start":{"line":55,"column":0},"end":{"line":55,"column":11}},"55":{"start":{"line":56,"column":0},"end":{"line":56,"column":1}}},"s":{"2":1,"3":129,"4":129,"5":129,"6":129,"7":129,"9":1,"10":64,"11":64,"13":1,"14":26,"15":26,"16":26,"17":4,"18":4,"19":26,"20":2,"21":2,"22":26,"23":3,"24":3,"25":26,"26":17,"27":26,"28":26,"29":21,"30":21,"32":1,"33":30,"34":30,"35":30,"36":2,"37":2,"38":30,"39":6,"40":6,"41":6,"42":6,"43":30,"44":3,"45":3,"46":30,"47":19,"48":19,"49":19,"50":30,"51":30,"52":30,"53":30,"54":30,"55":30},"branchMap":{"0":{"type":"branch","line":3,"loc":{"start":{"line":3,"column":7},"end":{"line":8,"column":1}},"locations":[{"start":{"line":3,"column":7},"end":{"line":8,"column":1}}]},"1":{"type":"branch","line":6,"loc":{"start":{"line":6,"column":9},"end":{"line":6,"column":54}},"locations":[{"start":{"line":6,"column":9},"end":{"line":6,"column":54}}]},"2":{"type":"branch","line":10,"loc":{"start":{"line":10,"column":7},"end":{"line":12,"column":1}},"locations":[{"start":{"line":10,"column":7},"end":{"line":12,"column":1}}]},"3":{"type":"branch","line":14,"loc":{"start":{"line":14,"column":7},"end":{"line":31,"column":1}},"locations":[{"start":{"line":14,"column":7},"end":{"line":31,"column":1}}]},"4":{"type":"branch","line":17,"loc":{"start":{"line":17,"column":4},"end":{"line":19,"column":12}},"locations":[{"start":{"line":17,"column":4},"end":{"line":19,"column":12}}]},"5":{"type":"branch","line":18,"loc":{"start":{"line":18,"column":16},"end":{"line":18,"column":34}},"locations":[{"start":{"line":18,"column":16},"end":{"line":18,"column":34}}]},"6":{"type":"branch","line":20,"loc":{"start":{"line":20,"column":4},"end":{"line":22,"column":12}},"locations":[{"start":{"line":20,"column":4},"end":{"line":22,"column":12}}]},"7":{"type":"branch","line":23,"loc":{"start":{"line":23,"column":4},"end":{"line":25,"column":12}},"locations":[{"start":{"line":23,"column":4},"end":{"line":25,"column":12}}]},"8":{"type":"branch","line":26,"loc":{"start":{"line":26,"column":4},"end":{"line":27,"column":22}},"locations":[{"start":{"line":26,"column":4},"end":{"line":27,"column":22}}]},"9":{"type":"branch","line":29,"loc":{"start":{"line":29,"column":9},"end":{"line":29,"column":46}},"locations":[{"start":{"line":29,"column":9},"end":{"line":29,"column":46}}]},"10":{"type":"branch","line":29,"loc":{"start":{"line":29,"column":46},"end":{"line":29,"column":75}},"locations":[{"start":{"line":29,"column":46},"end":{"line":29,"column":75}}]},"11":{"type":"branch","line":29,"loc":{"start":{"line":29,"column":60},"end":{"line":31,"column":1}},"locations":[{"start":{"line":29,"column":60},"end":{"line":31,"column":1}}]},"12":{"type":"branch","line":18,"loc":{"start":{"line":18,"column":38},"end":{"line":18,"column":53}},"locations":[{"start":{"line":18,"column":38},"end":{"line":18,"column":53}}]},"13":{"type":"branch","line":33,"loc":{"start":{"line":33,"column":7},"end":{"line":56,"column":1}},"locations":[{"start":{"line":33,"column":7},"end":{"line":56,"column":1}}]},"14":{"type":"branch","line":36,"loc":{"start":{"line":36,"column":4},"end":{"line":38,"column":12}},"locations":[{"start":{"line":36,"column":4},"end":{"line":38,"column":12}}]},"15":{"type":"branch","line":37,"loc":{"start":{"line":37,"column":24},"end":{"line":37,"column":42}},"locations":[{"start":{"line":37,"column":24},"end":{"line":37,"column":42}}]},"16":{"type":"branch","line":39,"loc":{"start":{"line":39,"column":4},"end":{"line":43,"column":12}},"locations":[{"start":{"line":39,"column":4},"end":{"line":43,"column":12}}]},"17":{"type":"branch","line":41,"loc":{"start":{"line":41,"column":31},"end":{"line":41,"column":53}},"locations":[{"start":{"line":41,"column":31},"end":{"line":41,"column":53}}]},"18":{"type":"branch","line":42,"loc":{"start":{"line":42,"column":31},"end":{"line":42,"column":53}},"locations":[{"start":{"line":42,"column":31},"end":{"line":42,"column":53}}]},"19":{"type":"branch","line":44,"loc":{"start":{"line":44,"column":4},"end":{"line":46,"column":12}},"locations":[{"start":{"line":44,"column":4},"end":{"line":46,"column":12}}]},"20":{"type":"branch","line":47,"loc":{"start":{"line":47,"column":4},"end":{"line":50,"column":12}},"locations":[{"start":{"line":47,"column":4},"end":{"line":50,"column":12}}]},"21":{"type":"branch","line":49,"loc":{"start":{"line":49,"column":21},"end":{"line":49,"column":51}},"locations":[{"start":{"line":49,"column":21},"end":{"line":49,"column":51}}]},"22":{"type":"branch","line":52,"loc":{"start":{"line":52,"column":19},"end":{"line":52,"column":38}},"locations":[{"start":{"line":52,"column":19},"end":{"line":52,"column":38}}]},"23":{"type":"branch","line":53,"loc":{"start":{"line":53,"column":31},"end":{"line":53,"column":77}},"locations":[{"start":{"line":53,"column":31},"end":{"line":53,"column":77}}]},"24":{"type":"branch","line":37,"loc":{"start":{"line":37,"column":46},"end":{"line":37,"column":61}},"locations":[{"start":{"line":37,"column":46},"end":{"line":37,"column":61}}]}},"b":{"0":[129],"1":[263],"2":[64],"3":[26],"4":[4],"5":[1],"6":[2],"7":[3],"8":[17],"9":[6],"10":[5],"11":[21],"12":[3],"13":[30],"14":[2],"15":[1],"16":[6],"17":[2],"18":[2],"19":[3],"20":[19],"21":[1],"22":[4],"23":[2],"24":[2]},"fnMap":{"0":{"name":"pascalCase","decl":{"start":{"line":3,"column":7},"end":{"line":8,"column":1}},"loc":{"start":{"line":3,"column":7},"end":{"line":8,"column":1}},"line":3},"1":{"name":"kebabCase","decl":{"start":{"line":10,"column":7},"end":{"line":12,"column":1}},"loc":{"start":{"line":10,"column":7},"end":{"line":12,"column":1}},"line":10},"2":{"name":"tsType","decl":{"start":{"line":14,"column":7},"end":{"line":31,"column":1}},"loc":{"start":{"line":14,"column":7},"end":{"line":31,"column":1}},"line":14},"3":{"name":"zodType","decl":{"start":{"line":33,"column":7},"end":{"line":56,"column":1}},"loc":{"start":{"line":33,"column":7},"end":{"line":56,"column":1}},"line":33}},"f":{"0":129,"1":64,"2":26,"3":30}}
,"/home/matt/mcp-forge/generator/src/templates/index.ts": {"path":"/home/matt/mcp-forge/generator/src/templates/index.ts","all":false,"statementMap":{"0":{"start":{"line":1,"column":0},"end":{"line":1,"column":90}},"1":{"start":{"line":2,"column":0},"end":{"line":2,"column":87}},"2":{"start":{"line":3,"column":0},"end":{"line":3,"column":52}},"3":{"start":{"line":4,"column":0},"end":{"line":4,"column":71}}},"s":{"0":1,"1":1,"2":1,"3":1},"branchMap":{},"b":{},"fnMap":{},"f":{}}
,"/home/matt/mcp-forge/generator/src/templates/infra.ts": {"path":"/home/matt/mcp-forge/generator/src/templates/infra.ts","all":false,"statementMap":{"2":{"start":{"line":3,"column":0},"end":{"line":3,"column":52}},"3":{"start":{"line":4,"column":0},"end":{"line":4,"column":61}},"4":{"start":{"line":5,"column":0},"end":{"line":5,"column":40}},"13":{"start":{"line":14,"column":0},"end":{"line":14,"column":30}},"21":{"start":{"line":22,"column":0},"end":{"line":22,"column":1}},"23":{"start":{"line":24,"column":0},"end":{"line":24,"column":55}},"24":{"start":{"line":25,"column":0},"end":{"line":25,"column":32}},"27":{"start":{"line":28,"column":0},"end":{"line":28,"column":19}},"29":{"start":{"line":30,"column":0},"end":{"line":30,"column":36}},"35":{"start":{"line":36,"column":0},"end":{"line":36,"column":1}},"37":{"start":{"line":38,"column":0},"end":{"line":38,"column":56}},"38":{"start":{"line":39,"column":0},"end":{"line":39,"column":73}},"39":{"start":{"line":40,"column":0},"end":{"line":40,"column":16}},"40":{"start":{"line":41,"column":0},"end":{"line":41,"column":42}},"48":{"start":{"line":49,"column":0},"end":{"line":49,"column":22}},"61":{"start":{"line":62,"column":0},"end":{"line":62,"column":1}}},"s":{"2":1,"3":10,"4":10,"13":10,"21":10,"23":1,"24":8,"27":8,"29":8,"35":8,"37":1,"38":11,"39":11,"40":11,"48":11,"61":11},"branchMap":{"0":{"type":"branch","line":3,"loc":{"start":{"line":3,"column":7},"end":{"line":22,"column":1}},"locations":[{"start":{"line":3,"column":7},"end":{"line":22,"column":1}}]},"1":{"type":"branch","line":4,"loc":{"start":{"line":4,"column":25},"end":{"line":4,"column":43}},"locations":[{"start":{"line":4,"column":25},"end":{"line":4,"column":43}}]},"2":{"type":"branch","line":4,"loc":{"start":{"line":4,"column":46},"end":{"line":4,"column":61}},"locations":[{"start":{"line":4,"column":46},"end":{"line":4,"column":61}}]},"3":{"type":"branch","line":24,"loc":{"start":{"line":24,"column":7},"end":{"line":36,"column":1}},"locations":[{"start":{"line":24,"column":7},"end":{"line":36,"column":1}}]},"4":{"type":"branch","line":38,"loc":{"start":{"line":38,"column":7},"end":{"line":62,"column":1}},"locations":[{"start":{"line":38,"column":7},"end":{"line":62,"column":1}}]},"5":{"type":"branch","line":39,"loc":{"start":{"line":39,"column":23},"end":{"line":39,"column":73}},"locations":[{"start":{"line":39,"column":23},"end":{"line":39,"column":73}}]}},"b":{"0":[10],"1":[1],"2":[9],"3":[8],"4":[11],"5":[10]},"fnMap":{"0":{"name":"dockerfile","decl":{"start":{"line":3,"column":7},"end":{"line":22,"column":1}},"loc":{"start":{"line":3,"column":7},"end":{"line":22,"column":1}},"line":3},"1":{"name":"dockerCompose","decl":{"start":{"line":24,"column":7},"end":{"line":36,"column":1}},"loc":{"start":{"line":24,"column":7},"end":{"line":36,"column":1}},"line":24},"2":{"name":"systemdService","decl":{"start":{"line":38,"column":7},"end":{"line":62,"column":1}},"loc":{"start":{"line":38,"column":7},"end":{"line":62,"column":1}},"line":38}},"f":{"0":10,"1":8,"2":11}}
,"/home/matt/mcp-forge/generator/src/templates/modules.ts": {"path":"/home/matt/mcp-forge/generator/src/templates/modules.ts","all":false,"statementMap":{"2":{"start":{"line":3,"column":0},"end":{"line":3,"column":53}},"6":{"start":{"line":7,"column":0},"end":{"line":7,"column":20}},"8":{"start":{"line":9,"column":0},"end":{"line":9,"column":40}},"9":{"start":{"line":10,"column":0},"end":{"line":10,"column":52}},"27":{"start":{"line":28,"column":0},"end":{"line":28,"column":1}},"29":{"start":{"line":30,"column":0},"end":{"line":30,"column":56}},"30":{"start":{"line":31,"column":0},"end":{"line":31,"column":73}},"31":{"start":{"line":32,"column":0},"end":{"line":32,"column":55}},"32":{"start":{"line":33,"column":0},"end":{"line":33,"column":37}},"33":{"start":{"line":34,"column":0},"end":{"line":34,"column":46}},"35":{"start":{"line":36,"column":0},"end":{"line":36,"column":33}},"39":{"start":{"line":40,"column":0},"end":{"line":40,"column":44}},"111":{"start":{"line":112,"column":0},"end":{"line":112,"column":1}},"113":{"start":{"line":114,"column":0},"end":{"line":114,"column":54}},"114":{"start":{"line":115,"column":0},"end":{"line":115,"column":50}},"125":{"start":{"line":126,"column":0},"end":{"line":126,"column":86}},"126":{"start":{"line":127,"column":0},"end":{"line":127,"column":88}},"130":{"start":{"line":131,"column":0},"end":{"line":131,"column":26}},"137":{"start":{"line":138,"column":0},"end":{"line":138,"column":1}},"139":{"start":{"line":140,"column":0},"end":{"line":140,"column":53}},"140":{"start":{"line":141,"column":0},"end":{"line":141,"column":25}},"141":{"start":{"line":142,"column":0},"end":{"line":142,"column":17}},"142":{"start":{"line":143,"column":0},"end":{"line":143,"column":40}},"143":{"start":{"line":144,"column":0},"end":{"line":144,"column":38}},"144":{"start":{"line":145,"column":0},"end":{"line":145,"column":71}},"145":{"start":{"line":146,"column":0},"end":{"line":146,"column":6}},"146":{"start":{"line":147,"column":0},"end":{"line":147,"column":16}},"148":{"start":{"line":149,"column":0},"end":{"line":149,"column":31}},"149":{"start":{"line":150,"column":0},"end":{"line":150,"column":57}},"150":{"start":{"line":151,"column":0},"end":{"line":151,"column":16}},"152":{"start":{"line":153,"column":0},"end":{"line":153,"column":77}},"153":{"start":{"line":154,"column":0},"end":{"line":154,"column":80}},"155":{"start":{"line":156,"column":0},"end":{"line":156,"column":37}},"156":{"start":{"line":157,"column":0},"end":{"line":157,"column":45}},"157":{"start":{"line":158,"column":0},"end":{"line":158,"column":10}},"160":{"start":{"line":161,"column":0},"end":{"line":161,"column":26}},"164":{"start":{"line":165,"column":0},"end":{"line":165,"column":16}},"175":{"start":{"line":176,"column":0},"end":{"line":176,"column":70}},"180":{"start":{"line":181,"column":0},"end":{"line":181,"column":49}},"182":{"start":{"line":183,"column":0},"end":{"line":183,"column":1}}},"s":{"2":1,"6":1,"8":1,"9":23,"27":23,"29":1,"30":30,"31":30,"32":30,"33":30,"35":30,"39":30,"111":30,"113":1,"114":24,"125":24,"126":24,"130":24,"137":24,"139":1,"140":29,"141":29,"142":29,"143":29,"144":29,"145":29,"146":29,"148":29,"149":29,"150":29,"152":29,"153":29,"155":29,"156":29,"157":29,"160":29,"164":29,"175":29,"180":29,"182":29},"branchMap":{"0":{"type":"branch","line":9,"loc":{"start":{"line":9,"column":7},"end":{"line":28,"column":1}},"locations":[{"start":{"line":9,"column":7},"end":{"line":28,"column":1}}]},"1":{"type":"branch","line":30,"loc":{"start":{"line":30,"column":7},"end":{"line":112,"column":1}},"locations":[{"start":{"line":30,"column":7},"end":{"line":112,"column":1}}]},"2":{"type":"branch","line":31,"loc":{"start":{"line":31,"column":45},"end":{"line":31,"column":60}},"locations":[{"start":{"line":31,"column":45},"end":{"line":31,"column":60}}]},"3":{"type":"branch","line":114,"loc":{"start":{"line":114,"column":7},"end":{"line":138,"column":1}},"locations":[{"start":{"line":114,"column":7},"end":{"line":138,"column":1}}]},"4":{"type":"branch","line":140,"loc":{"start":{"line":140,"column":7},"end":{"line":183,"column":1}},"locations":[{"start":{"line":140,"column":7},"end":{"line":183,"column":1}}]},"5":{"type":"branch","line":142,"loc":{"start":{"line":142,"column":9},"end":{"line":146,"column":5}},"locations":[{"start":{"line":142,"column":9},"end":{"line":146,"column":5}}]},"6":{"type":"branch","line":150,"loc":{"start":{"line":150,"column":9},"end":{"line":150,"column":56}},"locations":[{"start":{"line":150,"column":9},"end":{"line":150,"column":56}}]}},"b":{"0":[23],"1":[30],"2":[32],"3":[24],"4":[29],"5":[29],"6":[29]},"fnMap":{"0":{"name":"loggerModule","decl":{"start":{"line":9,"column":7},"end":{"line":28,"column":1}},"loc":{"start":{"line":9,"column":7},"end":{"line":28,"column":1}},"line":9},"1":{"name":"securityModule","decl":{"start":{"line":30,"column":7},"end":{"line":112,"column":1}},"loc":{"start":{"line":30,"column":7},"end":{"line":112,"column":1}},"line":30},"2":{"name":"healthModule","decl":{"start":{"line":114,"column":7},"end":{"line":138,"column":1}},"loc":{"start":{"line":114,"column":7},"end":{"line":138,"column":1}},"line":114},"3":{"name":"serverEntry","decl":{"start":{"line":140,"column":7},"end":{"line":183,"column":1}},"loc":{"start":{"line":140,"column":7},"end":{"line":183,"column":1}},"line":140}},"f":{"0":23,"1":30,"2":24,"3":29}}
,"/home/matt/mcp-forge/generator/src/templates/project.ts": {"path":"/home/matt/mcp-forge/generator/src/templates/project.ts","all":false,"statementMap":{"3":{"start":{"line":4,"column":0},"end":{"line":4,"column":48}},"5":{"start":{"line":6,"column":0},"end":{"line":6,"column":53}},"6":{"start":{"line":7,"column":0},"end":{"line":7,"column":24}},"7":{"start":{"line":8,"column":0},"end":{"line":8,"column":5}},"8":{"start":{"line":9,"column":0},"end":{"line":9,"column":26}},"9":{"start":{"line":10,"column":0},"end":{"line":10,"column":23}},"10":{"start":{"line":11,"column":0},"end":{"line":11,"column":77}},"11":{"start":{"line":12,"column":0},"end":{"line":12,"column":21}},"12":{"start":{"line":13,"column":0},"end":{"line":13,"column":28}},"13":{"start":{"line":14,"column":0},"end":{"line":14,"column":16}},"14":{"start":{"line":15,"column":0},"end":{"line":15,"column":21}},"15":{"start":{"line":16,"column":0},"end":{"line":16,"column":36}},"16":{"start":{"line":17,"column":0},"end":{"line":17,"column":32}},"17":{"start":{"line":18,"column":0},"end":{"line":18,"column":27}},"18":{"start":{"line":19,"column":0},"end":{"line":19,"column":31}},"19":{"start":{"line":20,"column":0},"end":{"line":20,"column":29}},"20":{"start":{"line":21,"column":0},"end":{"line":21,"column":8}},"21":{"start":{"line":22,"column":0},"end":{"line":22,"column":21}},"22":{"start":{"line":23,"column":0},"end":{"line":23,"column":46}},"23":{"start":{"line":24,"column":0},"end":{"line":24,"column":23}},"24":{"start":{"line":25,"column":0},"end":{"line":25,"column":8}},"25":{"start":{"line":26,"column":0},"end":{"line":26,"column":24}},"26":{"start":{"line":27,"column":0},"end":{"line":27,"column":33}},"27":{"start":{"line":28,"column":0},"end":{"line":28,"column":22}},"28":{"start":{"line":29,"column":0},"end":{"line":29,"column":28}},"29":{"start":{"line":30,"column":0},"end":{"line":30,"column":24}},"30":{"start":{"line":31,"column":0},"end":{"line":31,"column":8}},"31":{"start":{"line":32,"column":0},"end":{"line":32,"column":21}},"32":{"start":{"line":33,"column":0},"end":{"line":33,"column":6}},"33":{"start":{"line":34,"column":0},"end":{"line":34,"column":9}},"34":{"start":{"line":35,"column":0},"end":{"line":35,"column":5}},"35":{"start":{"line":36,"column":0},"end":{"line":36,"column":4}},"36":{"start":{"line":37,"column":0},"end":{"line":37,"column":1}},"38":{"start":{"line":39,"column":0},"end":{"line":39,"column":40}},"39":{"start":{"line":40,"column":0},"end":{"line":40,"column":24}},"40":{"start":{"line":41,"column":0},"end":{"line":41,"column":5}},"41":{"start":{"line":42,"column":0},"end":{"line":42,"column":24}},"42":{"start":{"line":43,"column":0},"end":{"line":43,"column":25}},"43":{"start":{"line":44,"column":0},"end":{"line":44,"column":25}},"44":{"start":{"line":45,"column":0},"end":{"line":45,"column":35}},"45":{"start":{"line":46,"column":0},"end":{"line":46,"column":23}},"46":{"start":{"line":47,"column":0},"end":{"line":47,"column":23}},"47":{"start":{"line":48,"column":0},"end":{"line":48,"column":21}},"48":{"start":{"line":49,"column":0},"end":{"line":49,"column":30}},"49":{"start":{"line":50,"column":0},"end":{"line":50,"column":27}},"50":{"start":{"line":51,"column":0},"end":{"line":51,"column":47}},"51":{"start":{"line":52,"column":0},"end":{"line":52,"column":32}},"52":{"start":{"line":53,"column":0},"end":{"line":53,"column":26}},"53":{"start":{"line":54,"column":0},"end":{"line":54,"column":29}},"54":{"start":{"line":55,"column":0},"end":{"line":55,"column":24}},"55":{"start":{"line":56,"column":0},"end":{"line":56,"column":8}},"56":{"start":{"line":57,"column":0},"end":{"line":57,"column":23}},"57":{"start":{"line":58,"column":0},"end":{"line":58,"column":59}},"58":{"start":{"line":59,"column":0},"end":{"line":59,"column":6}},"59":{"start":{"line":60,"column":0},"end":{"line":60,"column":9}},"60":{"start":{"line":61,"column":0},"end":{"line":61,"column":5}},"61":{"start":{"line":62,"column":0},"end":{"line":62,"column":4}},"62":{"start":{"line":63,"column":0},"end":{"line":63,"column":1}},"64":{"start":{"line":65,"column":0},"end":{"line":65,"column":37}},"65":{"start":{"line":66,"column":0},"end":{"line":66,"column":23}},"73":{"start":{"line":74,"column":0},"end":{"line":74,"column":1}},"75":{"start":{"line":76,"column":0},"end":{"line":76,"column":40}},"76":{"start":{"line":77,"column":0},"end":{"line":77,"column":55}},"78":{"start":{"line":79,"column":0},"end":{"line":79,"column":25}},"91":{"start":{"line":92,"column":0},"end":{"line":92,"column":1}},"93":{"start":{"line":94,"column":0},"end":{"line":94,"column":48}},"94":{"start":{"line":95,"column":0},"end":{"line":95,"column":28}},"95":{"start":{"line":96,"column":0},"end":{"line":96,"column":55}},"96":{"start":{"line":97,"column":0},"end":{"line":97,"column":16}},"98":{"start":{"line":99,"column":0},"end":{"line":99,"column":25}},"99":{"start":{"line":100,"column":0},"end":{"line":100,"column":25}},"100":{"start":{"line":101,"column":0},"end":{"line":101,"column":21}},"107":{"start":{"line":108,"column":0},"end":{"line":108,"column":3}},"109":{"start":{"line":110,"column":0},"end":{"line":110,"column":28}},"111":{"start":{"line":112,"column":0},"end":{"line":112,"column":60}},"117":{"start":{"line":118,"column":0},"end":{"line":118,"column":13}},"129":{"start":{"line":130,"column":0},"end":{"line":130,"column":50}},"148":{"start":{"line":149,"column":0},"end":{"line":149,"column":16}},"153":{"start":{"line":154,"column":0},"end":{"line":154,"column":1}}},"s":{"3":1,"5":1,"6":24,"7":24,"8":24,"9":24,"10":24,"11":24,"12":24,"13":24,"14":24,"15":24,"16":24,"17":24,"18":24,"19":24,"20":24,"21":24,"22":24,"23":24,"24":24,"25":24,"26":24,"27":24,"28":24,"29":24,"30":24,"31":24,"32":24,"33":24,"34":24,"35":24,"36":24,"38":1,"39":24,"40":24,"41":24,"42":24,"43":24,"44":24,"45":24,"46":24,"47":24,"48":24,"49":24,"50":24,"51":24,"52":24,"53":24,"54":24,"55":24,"56":24,"57":24,"58":24,"59":24,"60":24,"61":24,"62":24,"64":1,"65":21,"73":21,"75":1,"76":24,"78":24,"91":24,"93":1,"94":27,"95":27,"96":27,"98":27,"99":27,"100":3,"107":3,"109":27,"111":27,"117":27,"129":27,"148":27,"153":27},"branchMap":{"0":{"type":"branch","line":6,"loc":{"start":{"line":6,"column":7},"end":{"line":37,"column":1}},"locations":[{"start":{"line":6,"column":7},"end":{"line":37,"column":1}}]},"1":{"type":"branch","line":39,"loc":{"start":{"line":39,"column":7},"end":{"line":63,"column":1}},"locations":[{"start":{"line":39,"column":7},"end":{"line":63,"column":1}}]},"2":{"type":"branch","line":65,"loc":{"start":{"line":65,"column":7},"end":{"line":74,"column":1}},"locations":[{"start":{"line":65,"column":7},"end":{"line":74,"column":1}}]},"3":{"type":"branch","line":76,"loc":{"start":{"line":76,"column":7},"end":{"line":92,"column":1}},"locations":[{"start":{"line":76,"column":7},"end":{"line":92,"column":1}}]},"4":{"type":"branch","line":94,"loc":{"start":{"line":94,"column":7},"end":{"line":154,"column":1}},"locations":[{"start":{"line":94,"column":7},"end":{"line":154,"column":1}}]},"5":{"type":"branch","line":100,"loc":{"start":{"line":100,"column":24},"end":{"line":108,"column":3}},"locations":[{"start":{"line":100,"column":24},"end":{"line":108,"column":3}}]},"6":{"type":"branch","line":96,"loc":{"start":{"line":96,"column":9},"end":{"line":96,"column":54}},"locations":[{"start":{"line":96,"column":9},"end":{"line":96,"column":54}}]}},"b":{"0":[24],"1":[24],"2":[21],"3":[24],"4":[27],"5":[3],"6":[27]},"fnMap":{"0":{"name":"packageJson","decl":{"start":{"line":6,"column":7},"end":{"line":37,"column":1}},"loc":{"start":{"line":6,"column":7},"end":{"line":37,"column":1}},"line":6},"1":{"name":"tsconfigJson","decl":{"start":{"line":39,"column":7},"end":{"line":63,"column":1}},"loc":{"start":{"line":39,"column":7},"end":{"line":63,"column":1}},"line":39},"2":{"name":"gitignore","decl":{"start":{"line":65,"column":7},"end":{"line":74,"column":1}},"loc":{"start":{"line":65,"column":7},"end":{"line":74,"column":1}},"line":65},"3":{"name":"vitestConfig","decl":{"start":{"line":76,"column":7},"end":{"line":92,"column":1}},"loc":{"start":{"line":76,"column":7},"end":{"line":92,"column":1}},"line":76},"4":{"name":"readme","decl":{"start":{"line":94,"column":7},"end":{"line":154,"column":1}},"loc":{"start":{"line":94,"column":7},"end":{"line":154,"column":1}},"line":94}},"f":{"0":24,"1":24,"2":21,"3":24,"4":27}}
,"/home/matt/mcp-forge/generator/src/templates/tools.ts": {"path":"/home/matt/mcp-forge/generator/src/templates/tools.ts","all":false,"statementMap":{"2":{"start":{"line":3,"column":0},"end":{"line":3,"column":70}},"6":{"start":{"line":7,"column":0},"end":{"line":7,"column":20}},"8":{"start":{"line":9,"column":0},"end":{"line":9,"column":54}},"9":{"start":{"line":10,"column":0},"end":{"line":10,"column":39}},"10":{"start":{"line":11,"column":0},"end":{"line":11,"column":28}},"11":{"start":{"line":12,"column":0},"end":{"line":12,"column":50}},"12":{"start":{"line":13,"column":0},"end":{"line":13,"column":16}},"13":{"start":{"line":14,"column":0},"end":{"line":14,"column":63}},"15":{"start":{"line":16,"column":0},"end":{"line":16,"column":19}},"16":{"start":{"line":17,"column":0},"end":{"line":17,"column":23}},"17":{"start":{"line":18,"column":0},"end":{"line":18,"column":68}},"19":{"start":{"line":20,"column":0},"end":{"line":20,"column":10}},"20":{"start":{"line":21,"column":0},"end":{"line":21,"column":63}},"21":{"start":{"line":22,"column":0},"end":{"line":22,"column":35}},"22":{"start":{"line":23,"column":0},"end":{"line":23,"column":31}},"23":{"start":{"line":24,"column":0},"end":{"line":24,"column":19}},"24":{"start":{"line":25,"column":0},"end":{"line":25,"column":26}},"25":{"start":{"line":26,"column":0},"end":{"line":26,"column":89}},"26":{"start":{"line":27,"column":0},"end":{"line":27,"column":9}},"27":{"start":{"line":28,"column":0},"end":{"line":28,"column":58}},"28":{"start":{"line":29,"column":0},"end":{"line":29,"column":8}},"29":{"start":{"line":30,"column":0},"end":{"line":30,"column":18}},"30":{"start":{"line":31,"column":0},"end":{"line":31,"column":56}},"31":{"start":{"line":32,"column":0},"end":{"line":32,"column":29}},"32":{"start":{"line":33,"column":0},"end":{"line":33,"column":65}},"33":{"start":{"line":34,"column":0},"end":{"line":34,"column":41}},"35":{"start":{"line":36,"column":0},"end":{"line":36,"column":50}},"36":{"start":{"line":37,"column":0},"end":{"line":37,"column":14}},"37":{"start":{"line":38,"column":0},"end":{"line":38,"column":10}},"38":{"start":{"line":39,"column":0},"end":{"line":39,"column":77}},"39":{"start":{"line":40,"column":0},"end":{"line":40,"column":3}},"41":{"start":{"line":42,"column":0},"end":{"line":42,"column":36}},"42":{"start":{"line":43,"column":0},"end":{"line":43,"column":97}},"43":{"start":{"line":44,"column":0},"end":{"line":44,"column":16}},"45":{"start":{"line":46,"column":0},"end":{"line":46,"column":33}},"47":{"start":{"line":48,"column":0},"end":{"line":48,"column":72}},"49":{"start":{"line":50,"column":0},"end":{"line":50,"column":71}},"50":{"start":{"line":51,"column":0},"end":{"line":51,"column":38}},"53":{"start":{"line":54,"column":0},"end":{"line":54,"column":17}},"56":{"start":{"line":57,"column":0},"end":{"line":57,"column":60}},"58":{"start":{"line":59,"column":0},"end":{"line":59,"column":19}},"60":{"start":{"line":61,"column":0},"end":{"line":61,"column":41}},"62":{"start":{"line":63,"column":0},"end":{"line":63,"column":9}},"65":{"start":{"line":66,"column":0},"end":{"line":66,"column":42}},"67":{"start":{"line":68,"column":0},"end":{"line":68,"column":39}},"68":{"start":{"line":69,"column":0},"end":{"line":69,"column":66}},"70":{"start":{"line":71,"column":0},"end":{"line":71,"column":7}},"75":{"start":{"line":76,"column":0},"end":{"line":76,"column":46}},"82":{"start":{"line":83,"column":0},"end":{"line":83,"column":1}},"84":{"start":{"line":85,"column":0},"end":{"line":85,"column":54}},"85":{"start":{"line":86,"column":0},"end":{"line":86,"column":39}},"86":{"start":{"line":87,"column":0},"end":{"line":87,"column":37}},"87":{"start":{"line":88,"column":0},"end":{"line":88,"column":40}},"88":{"start":{"line":89,"column":0},"end":{"line":89,"column":17}},"89":{"start":{"line":90,"column":0},"end":{"line":90,"column":23}},"90":{"start":{"line":91,"column":0},"end":{"line":91,"column":25}},"91":{"start":{"line":92,"column":0},"end":{"line":92,"column":24}},"92":{"start":{"line":93,"column":0},"end":{"line":93,"column":42}},"93":{"start":{"line":94,"column":0},"end":{"line":94,"column":18}},"94":{"start":{"line":95,"column":0},"end":{"line":95,"column":25}},"95":{"start":{"line":96,"column":0},"end":{"line":96,"column":45}},"96":{"start":{"line":97,"column":0},"end":{"line":97,"column":18}},"97":{"start":{"line":98,"column":0},"end":{"line":98,"column":22}},"98":{"start":{"line":99,"column":0},"end":{"line":99,"column":57}},"99":{"start":{"line":100,"column":0},"end":{"line":100,"column":18}},"100":{"start":{"line":101,"column":0},"end":{"line":101,"column":18}},"101":{"start":{"line":102,"column":0},"end":{"line":102,"column":46}},"102":{"start":{"line":103,"column":0},"end":{"line":103,"column":9}},"103":{"start":{"line":104,"column":0},"end":{"line":104,"column":7}},"104":{"start":{"line":105,"column":0},"end":{"line":105,"column":17}},"105":{"start":{"line":106,"column":0},"end":{"line":106,"column":6}},"106":{"start":{"line":107,"column":0},"end":{"line":107,"column":33}},"107":{"start":{"line":108,"column":0},"end":{"line":108,"column":4}},"109":{"start":{"line":110,"column":0},"end":{"line":110,"column":71}},"121":{"start":{"line":122,"column":0},"end":{"line":122,"column":72}},"123":{"start":{"line":124,"column":0},"end":{"line":124,"column":48}},"124":{"start":{"line":125,"column":0},"end":{"line":125,"column":50}},"128":{"start":{"line":129,"column":0},"end":{"line":129,"column":32}},"138":{"start":{"line":139,"column":0},"end":{"line":139,"column":30}},"143":{"start":{"line":144,"column":0},"end":{"line":144,"column":64}},"150":{"start":{"line":151,"column":0},"end":{"line":151,"column":64}},"156":{"start":{"line":157,"column":0},"end":{"line":157,"column":1}}},"s":{"2":1,"6":1,"8":1,"9":35,"10":35,"11":35,"12":35,"13":35,"15":35,"16":35,"17":1,"19":35,"20":34,"21":34,"22":34,"23":34,"24":14,"25":2,"26":2,"27":12,"28":34,"29":34,"30":34,"31":34,"32":1,"33":33,"35":34,"36":34,"37":34,"38":34,"39":34,"41":35,"42":35,"43":35,"45":35,"47":35,"49":35,"50":35,"53":35,"56":35,"58":35,"60":35,"62":35,"65":35,"67":35,"68":35,"70":35,"75":35,"82":35,"84":1,"85":31,"86":31,"87":31,"88":31,"89":13,"90":12,"91":12,"92":2,"93":2,"94":12,"95":1,"96":1,"97":12,"98":2,"99":2,"100":12,"101":7,"102":12,"103":12,"104":13,"105":13,"106":31,"107":31,"109":31,"121":31,"123":31,"124":31,"128":31,"138":31,"143":31,"150":31,"156":31},"branchMap":{"0":{"type":"branch","line":9,"loc":{"start":{"line":9,"column":7},"end":{"line":83,"column":1}},"locations":[{"start":{"line":9,"column":7},"end":{"line":83,"column":1}}]},"1":{"type":"branch","line":17,"loc":{"start":{"line":17,"column":22},"end":{"line":20,"column":9}},"locations":[{"start":{"line":17,"column":22},"end":{"line":20,"column":9}}]},"2":{"type":"branch","line":20,"loc":{"start":{"line":20,"column":2},"end":{"line":40,"column":3}},"locations":[{"start":{"line":20,"column":2},"end":{"line":40,"column":3}}]},"3":{"type":"branch","line":32,"loc":{"start":{"line":32,"column":20},"end":{"line":33,"column":65}},"locations":[{"start":{"line":32,"column":20},"end":{"line":33,"column":65}}]},"4":{"type":"branch","line":33,"loc":{"start":{"line":33,"column":54},"end":{"line":34,"column":41}},"locations":[{"start":{"line":33,"column":54},"end":{"line":34,"column":41}}]},"5":{"type":"branch","line":12,"loc":{"start":{"line":12,"column":9},"end":{"line":12,"column":49}},"locations":[{"start":{"line":12,"column":9},"end":{"line":12,"column":49}}]},"6":{"type":"branch","line":14,"loc":{"start":{"line":14,"column":37},"end":{"line":14,"column":50}},"locations":[{"start":{"line":14,"column":37},"end":{"line":14,"column":50}}]},"7":{"type":"branch","line":21,"loc":{"start":{"line":21,"column":35},"end":{"line":21,"column":50}},"locations":[{"start":{"line":21,"column":35},"end":{"line":21,"column":50}}]},"8":{"type":"branch","line":23,"loc":{"start":{"line":23,"column":14},"end":{"line":23,"column":30}},"locations":[{"start":{"line":23,"column":14},"end":{"line":23,"column":30}}]},"9":{"type":"branch","line":24,"loc":{"start":{"line":24,"column":11},"end":{"line":29,"column":7}},"locations":[{"start":{"line":24,"column":11},"end":{"line":29,"column":7}}]},"10":{"type":"branch","line":25,"loc":{"start":{"line":25,"column":25},"end":{"line":27,"column":9}},"locations":[{"start":{"line":25,"column":25},"end":{"line":27,"column":9}}]},"11":{"type":"branch","line":27,"loc":{"start":{"line":27,"column":8},"end":{"line":28,"column":58}},"locations":[{"start":{"line":27,"column":8},"end":{"line":28,"column":58}}]},"12":{"type":"branch","line":31,"loc":{"start":{"line":31,"column":39},"end":{"line":31,"column":54}},"locations":[{"start":{"line":31,"column":39},"end":{"line":31,"column":54}}]},"13":{"type":"branch","line":43,"loc":{"start":{"line":43,"column":9},"end":{"line":43,"column":96}},"locations":[{"start":{"line":43,"column":9},"end":{"line":43,"column":96}}]},"14":{"type":"branch","line":43,"loc":{"start":{"line":43,"column":33},"end":{"line":43,"column":71}},"locations":[{"start":{"line":43,"column":33},"end":{"line":43,"column":71}}]},"15":{"type":"branch","line":43,"loc":{"start":{"line":43,"column":59},"end":{"line":43,"column":77}},"locations":[{"start":{"line":43,"column":59},"end":{"line":43,"column":77}}]},"16":{"type":"branch","line":43,"loc":{"start":{"line":43,"column":71},"end":{"line":43,"column":79}},"locations":[{"start":{"line":43,"column":71},"end":{"line":43,"column":79}}]},"17":{"type":"branch","line":85,"loc":{"start":{"line":85,"column":7},"end":{"line":157,"column":1}},"locations":[{"start":{"line":85,"column":7},"end":{"line":157,"column":1}}]},"18":{"type":"branch","line":89,"loc":{"start":{"line":89,"column":4},"end":{"line":106,"column":6}},"locations":[{"start":{"line":89,"column":4},"end":{"line":106,"column":6}}]},"19":{"type":"branch","line":90,"loc":{"start":{"line":90,"column":22},"end":{"line":104,"column":7}},"locations":[{"start":{"line":90,"column":22},"end":{"line":104,"column":7}}]},"20":{"type":"branch","line":92,"loc":{"start":{"line":92,"column":10},"end":{"line":94,"column":18}},"locations":[{"start":{"line":92,"column":10},"end":{"line":94,"column":18}}]},"21":{"type":"branch","line":93,"loc":{"start":{"line":93,"column":28},"end":{"line":93,"column":42}},"locations":[{"start":{"line":93,"column":28},"end":{"line":93,"column":42}}]},"22":{"type":"branch","line":95,"loc":{"start":{"line":95,"column":10},"end":{"line":97,"column":18}},"locations":[{"start":{"line":95,"column":10},"end":{"line":97,"column":18}}]},"23":{"type":"branch","line":98,"loc":{"start":{"line":98,"column":10},"end":{"line":100,"column":18}},"locations":[{"start":{"line":98,"column":10},"end":{"line":100,"column":18}}]},"24":{"type":"branch","line":99,"loc":{"start":{"line":99,"column":42},"end":{"line":99,"column":57}},"locations":[{"start":{"line":99,"column":42},"end":{"line":99,"column":57}}]},"25":{"type":"branch","line":101,"loc":{"start":{"line":101,"column":10},"end":{"line":102,"column":46}},"locations":[{"start":{"line":101,"column":10},"end":{"line":102,"column":46}}]}},"b":{"0":[35],"1":[1],"2":[34],"3":[1],"4":[33],"5":[16],"6":[16],"7":[33],"8":[15],"9":[14],"10":[2],"11":[12],"12":[15],"13":[16],"14":[3],"15":[3],"16":[13],"17":[31],"18":[13],"19":[12],"20":[2],"21":[1],"22":[1],"23":[2],"24":[1],"25":[7]},"fnMap":{"0":{"name":"toolModule","decl":{"start":{"line":9,"column":7},"end":{"line":83,"column":1}},"loc":{"start":{"line":9,"column":7},"end":{"line":83,"column":1}},"line":9},"1":{"name":"testModule","decl":{"start":{"line":85,"column":7},"end":{"line":157,"column":1}},"loc":{"start":{"line":85,"column":7},"end":{"line":157,"column":1}},"line":85}},"f":{"0":35,"1":31}}
}
